2020-04-18 10:09:46 DEBUG AnnotationConfigApplicationContext:594 - Refreshing org.springframework.context.annotation.AnnotationConfigApplicationContext@7e0b37bc
2020-04-18 10:09:46 DEBUG DefaultListableBeanFactory:213 - Creating shared instance of singleton bean 'org.springframework.context.annotation.internalConfigurationAnnotationProcessor'
2020-04-18 10:09:47 DEBUG ClassPathBeanDefinitionScanner:437 - Identified candidate component class: file [C:\Users\hp\Downloads\lab1.3\target\classes\com\mycompany\app\Employee.class]
2020-04-18 10:09:47 DEBUG ClassPathBeanDefinitionScanner:437 - Identified candidate component class: file [C:\Users\hp\Downloads\lab1.3\target\classes\com\mycompany\app\SBU.class]
2020-04-18 10:09:47 DEBUG DefaultListableBeanFactory:909 - Overriding bean definition for bean 'employee' with a different definition: replacing [Generic bean: class [com.mycompany.app.Employee]; scope=singleton; abstract=false; lazyInit=false; autowireMode=0; dependencyCheck=0; autowireCandidate=true; primary=false; factoryBeanName=null; factoryMethodName=null; initMethodName=null; destroyMethodName=null; defined in file [C:\Users\hp\Downloads\lab1.3\target\classes\com\mycompany\app\Employee.class]] with [Root bean: class [null]; scope=; abstract=false; lazyInit=false; autowireMode=3; dependencyCheck=0; autowireCandidate=true; primary=false; factoryBeanName=javaConfig; factoryMethodName=employee; initMethodName=null; destroyMethodName=(inferred); defined in com.mycompany.app.JavaConfig]
2020-04-18 10:09:47 DEBUG DefaultListableBeanFactory:213 - Creating shared instance of singleton bean 'org.springframework.context.event.internalEventListenerProcessor'
2020-04-18 10:09:47 DEBUG DefaultListableBeanFactory:213 - Creating shared instance of singleton bean 'org.springframework.context.event.internalEventListenerFactory'
2020-04-18 10:09:47 DEBUG DefaultListableBeanFactory:213 - Creating shared instance of singleton bean 'org.springframework.context.annotation.internalAutowiredAnnotationProcessor'
2020-04-18 10:09:47 DEBUG DefaultListableBeanFactory:213 - Creating shared instance of singleton bean 'org.springframework.context.annotation.internalCommonAnnotationProcessor'
2020-04-18 10:09:47 DEBUG DefaultListableBeanFactory:213 - Creating shared instance of singleton bean 'javaConfig'
2020-04-18 10:09:47 DEBUG DefaultListableBeanFactory:213 - Creating shared instance of singleton bean 'employee'
2020-04-18 10:09:47 DEBUG PropertySourcesPropertyResolver:115 - Found key 'sbucode' in PropertySource 'class path resource [values.properties]' with value of type String
2020-04-18 10:09:47 WARN  AnnotationConfigApplicationContext:557 - Exception encountered during context initialization - cancelling refresh attempt: org.springframework.beans.factory.UnsatisfiedDependencyException: Error creating bean with name 'employee': Unsatisfied dependency expressed through method 'setEmpList' parameter 0; nested exception is org.springframework.beans.factory.NoSuchBeanDefinitionException: No qualifying bean of type 'java.util.List<com.mycompany.app.Employee>' available: expected at least 1 bean which qualifies as autowire candidate. Dependency annotations: {}
2020-04-18 10:22:17 DEBUG AnnotationConfigApplicationContext:594 - Refreshing org.springframework.context.annotation.AnnotationConfigApplicationContext@7e0b37bc
2020-04-18 10:22:17 DEBUG DefaultListableBeanFactory:213 - Creating shared instance of singleton bean 'org.springframework.context.annotation.internalConfigurationAnnotationProcessor'
2020-04-18 10:22:17 DEBUG ClassPathBeanDefinitionScanner:437 - Identified candidate component class: file [C:\Users\hp\Downloads\lab1.3\target\classes\com\mycompany\app\Employee.class]
2020-04-18 10:22:17 DEBUG ClassPathBeanDefinitionScanner:437 - Identified candidate component class: file [C:\Users\hp\Downloads\lab1.3\target\classes\com\mycompany\app\SBU.class]
2020-04-18 10:22:17 DEBUG DefaultListableBeanFactory:909 - Overriding bean definition for bean 'employee' with a different definition: replacing [Generic bean: class [com.mycompany.app.Employee]; scope=singleton; abstract=false; lazyInit=false; autowireMode=0; dependencyCheck=0; autowireCandidate=true; primary=false; factoryBeanName=null; factoryMethodName=null; initMethodName=null; destroyMethodName=null; defined in file [C:\Users\hp\Downloads\lab1.3\target\classes\com\mycompany\app\Employee.class]] with [Root bean: class [null]; scope=; abstract=false; lazyInit=false; autowireMode=3; dependencyCheck=0; autowireCandidate=true; primary=false; factoryBeanName=javaConfig; factoryMethodName=employee; initMethodName=null; destroyMethodName=(inferred); defined in com.mycompany.app.JavaConfig]
2020-04-18 10:22:17 DEBUG DefaultListableBeanFactory:213 - Creating shared instance of singleton bean 'org.springframework.context.event.internalEventListenerProcessor'
2020-04-18 10:22:17 DEBUG DefaultListableBeanFactory:213 - Creating shared instance of singleton bean 'org.springframework.context.event.internalEventListenerFactory'
2020-04-18 10:22:17 DEBUG DefaultListableBeanFactory:213 - Creating shared instance of singleton bean 'org.springframework.context.annotation.internalAutowiredAnnotationProcessor'
2020-04-18 10:22:17 DEBUG DefaultListableBeanFactory:213 - Creating shared instance of singleton bean 'org.springframework.context.annotation.internalCommonAnnotationProcessor'
2020-04-18 10:22:17 DEBUG DefaultListableBeanFactory:213 - Creating shared instance of singleton bean 'javaConfig'
2020-04-18 10:22:17 DEBUG DefaultListableBeanFactory:213 - Creating shared instance of singleton bean 'employee'
2020-04-18 10:22:17 DEBUG PropertySourcesPropertyResolver:115 - Found key 'sbucode' in PropertySource 'class path resource [values.properties]' with value of type String
2020-04-18 10:22:17 WARN  AnnotationConfigApplicationContext:557 - Exception encountered during context initialization - cancelling refresh attempt: org.springframework.beans.factory.UnsatisfiedDependencyException: Error creating bean with name 'employee': Unsatisfied dependency expressed through method 'setEmpList' parameter 0; nested exception is org.springframework.beans.factory.NoSuchBeanDefinitionException: No qualifying bean of type 'java.util.List<com.mycompany.app.Employee>' available: expected at least 1 bean which qualifies as autowire candidate. Dependency annotations: {}
